07:54:23.542 [main] INFO  testCases.TC_001_AccountRegistrationTest - ***  Starting TC_001_AccountRegistrationTest ***
07:54:23.802 [main] INFO  testCases.TC_001_AccountRegistrationTest - Clicked on My account link
07:54:24.598 [main] INFO  testCases.TC_001_AccountRegistrationTest - Clicked on register link
07:54:24.605 [main] INFO  testCases.TC_001_AccountRegistrationTest - Providing customer data
07:54:28.918 [main] INFO  testCases.TC_001_AccountRegistrationTest - Clicked on continue
07:54:28.983 [main] INFO  testCases.TC_001_AccountRegistrationTest - Validating expected message
07:54:28.983 [main] INFO  testCases.TC_001_AccountRegistrationTest - ***  Finished TC_001_AccountRegistrationTest ***
07:56:31.694 [main] DEBUG io.netty.util.internal.logging.InternalLoggerFactory - Using Log4J2 as the default logging framework
07:56:31.705 [main] DEBUG io.netty.util.ResourceLeakDetector - -Dio.netty.leakDetection.level: simple
07:56:31.705 [main] DEBUG io.netty.util.ResourceLeakDetector - -Dio.netty.leakDetection.targetRecords: 4
07:56:31.711 [main] DEBUG io.netty.util.ResourceLeakDetectorFactory - Loaded default ResourceLeakDetector: io.netty.util.ResourceLeakDetector@6df3e44c
07:56:31.743 [main] DEBUG io.netty.util.internal.PlatformDependent0 - -Dio.netty.noUnsafe: false
07:56:31.744 [main] DEBUG io.netty.util.internal.PlatformDependent0 - Java version: 17
07:56:31.745 [main] DEBUG io.netty.util.internal.PlatformDependent0 - sun.misc.Unsafe.theUnsafe: available
07:56:31.746 [main] DEBUG io.netty.util.internal.PlatformDependent0 - sun.misc.Unsafe.copyMemory: available
07:56:31.747 [main] DEBUG io.netty.util.internal.PlatformDependent0 - sun.misc.Unsafe.storeFence: available
07:56:31.748 [main] DEBUG io.netty.util.internal.PlatformDependent0 - java.nio.Buffer.address: available
07:56:31.749 [main] DEBUG io.netty.util.internal.PlatformDependent0 - direct buffer constructor: unavailable: Reflective setAccessible(true) disabled
07:56:31.750 [main] DEBUG io.netty.util.internal.PlatformDependent0 - java.nio.Bits.unaligned: available, true
07:56:31.752 [main] DEBUG io.netty.util.internal.PlatformDependent0 - jdk.internal.misc.Unsafe.allocateUninitializedArray(int): unavailable: class io.netty.util.internal.PlatformDependent0$7 cannot access class jdk.internal.misc.Unsafe (in module java.base) because module java.base does not export jdk.internal.misc to unnamed module @3551a94
07:56:31.755 [main] DEBUG io.netty.util.internal.PlatformDependent0 - java.nio.DirectByteBuffer.<init>(long, int): unavailable
07:56:31.756 [main] DEBUG io.netty.util.internal.PlatformDependent - sun.misc.Unsafe: available
07:56:31.758 [main] DEBUG io.netty.util.internal.PlatformDependent - maxDirectMemory: 1610612736 bytes (maybe)
07:56:31.758 [main] DEBUG io.netty.util.internal.PlatformDependent - -Dio.netty.tmpdir: C:\Users\pavan\AppData\Local\Temp (java.io.tmpdir)
07:56:31.758 [main] DEBUG io.netty.util.internal.PlatformDependent - -Dio.netty.bitMode: 64 (sun.arch.data.model)
07:56:31.759 [main] DEBUG io.netty.util.internal.PlatformDependent - Platform: Windows
07:56:31.759 [main] DEBUG io.netty.util.internal.PlatformDependent - -Dio.netty.maxDirectMemory: -1 bytes
07:56:31.760 [main] DEBUG io.netty.util.internal.PlatformDependent - -Dio.netty.uninitializedArrayAllocationThreshold: -1
07:56:31.762 [main] DEBUG io.netty.util.internal.CleanerJava9 - java.nio.ByteBuffer.cleaner(): available
07:56:31.762 [main] DEBUG io.netty.util.internal.PlatformDependent - -Dio.netty.noPreferDirect: false
07:56:31.774 [main] DEBUG io.netty.util.internal.PlatformDependent - org.jctools-core.MpscChunkedArrayQueue: available
07:56:31.802 [main] DEBUG io.netty.util.internal.InternalThreadLocalMap - -Dio.netty.threadLocalMap.stringBuilder.initialSize: 1024
07:56:31.803 [main] DEBUG io.netty.util.internal.InternalThreadLocalMap - -Dio.netty.threadLocalMap.stringBuilder.maxSize: 4096
07:56:31.878 [main] DEBUG io.netty.handler.ssl.JdkSslContext - Default protocols (JDK): [TLSv1.3, TLSv1.2] 
07:56:31.878 [main] DEBUG io.netty.handler.ssl.JdkSslContext - Default cipher suites (JDK): [TLS_ECDHE_ECDSA_WITH_AES_256_GCM_SHA384, TLS_ECDHE_ECDSA_WITH_AES_128_GCM_SHA256, TLS_ECDHE_RSA_WITH_AES_128_GCM_SHA256, TLS_ECDHE_RSA_WITH_AES_256_GCM_SHA384, TLS_ECDHE_RSA_WITH_AES_128_CBC_SHA, TLS_ECDHE_RSA_WITH_AES_256_CBC_SHA, TLS_RSA_WITH_AES_128_GCM_SHA256, TLS_RSA_WITH_AES_128_CBC_SHA, TLS_RSA_WITH_AES_256_CBC_SHA, TLS_AES_128_GCM_SHA256, TLS_AES_256_GCM_SHA384]
07:56:31.918 [main] DEBUG io.netty.channel.MultithreadEventLoopGroup - -Dio.netty.eventLoopThreads: 8
07:56:31.929 [main] DEBUG io.netty.channel.nio.NioEventLoop - -Dio.netty.noKeySetOptimization: false
07:56:31.929 [main] DEBUG io.netty.channel.nio.NioEventLoop - -Dio.netty.selectorAutoRebuildThreshold: 512
07:56:31.975 [main] DEBUG io.netty.buffer.PooledByteBufAllocator - -Dio.netty.allocator.numHeapArenas: 8
07:56:31.976 [main] DEBUG io.netty.buffer.PooledByteBufAllocator - -Dio.netty.allocator.numDirectArenas: 8
07:56:31.976 [main] DEBUG io.netty.buffer.PooledByteBufAllocator - -Dio.netty.allocator.pageSize: 8192
07:56:31.976 [main] DEBUG io.netty.buffer.PooledByteBufAllocator - -Dio.netty.allocator.maxOrder: 9
07:56:31.976 [main] DEBUG io.netty.buffer.PooledByteBufAllocator - -Dio.netty.allocator.chunkSize: 4194304
07:56:31.976 [main] DEBUG io.netty.buffer.PooledByteBufAllocator - -Dio.netty.allocator.smallCacheSize: 256
07:56:31.976 [main] DEBUG io.netty.buffer.PooledByteBufAllocator - -Dio.netty.allocator.normalCacheSize: 64
07:56:31.976 [main] DEBUG io.netty.buffer.PooledByteBufAllocator - -Dio.netty.allocator.maxCachedBufferCapacity: 32768
07:56:31.976 [main] DEBUG io.netty.buffer.PooledByteBufAllocator - -Dio.netty.allocator.cacheTrimInterval: 8192
07:56:31.977 [main] DEBUG io.netty.buffer.PooledByteBufAllocator - -Dio.netty.allocator.cacheTrimIntervalMillis: 0
07:56:31.977 [main] DEBUG io.netty.buffer.PooledByteBufAllocator - -Dio.netty.allocator.useCacheForAllThreads: false
07:56:31.977 [main] DEBUG io.netty.buffer.PooledByteBufAllocator - -Dio.netty.allocator.maxCachedByteBuffersPerChunk: 1023
07:56:31.993 [main] DEBUG io.netty.buffer.ByteBufUtil - -Dio.netty.allocator.type: pooled
07:56:31.994 [main] DEBUG io.netty.buffer.ByteBufUtil - -Dio.netty.threadLocalDirectBufferSize: 0
07:56:31.994 [main] DEBUG io.netty.buffer.ByteBufUtil - -Dio.netty.maxThreadLocalCharBufferSize: 16384
07:56:32.551 [Forwarding newSession on session null to remote] DEBUG io.netty.channel.DefaultChannelId - -Dio.netty.processId: 10244 (auto-detected)
07:56:32.553 [Forwarding newSession on session null to remote] DEBUG io.netty.util.NetUtil - -Djava.net.preferIPv4Stack: false
07:56:32.554 [Forwarding newSession on session null to remote] DEBUG io.netty.util.NetUtil - -Djava.net.preferIPv6Addresses: false
07:56:32.626 [Forwarding newSession on session null to remote] DEBUG io.netty.util.NetUtilInitializations - Loopback interface: lo (Software Loopback Interface 1, 127.0.0.1)
07:56:32.628 [Forwarding newSession on session null to remote] DEBUG io.netty.util.NetUtil - Failed to get SOMAXCONN from sysctl and file \proc\sys\net\core\somaxconn. Default: 200
07:56:32.667 [Forwarding newSession on session null to remote] DEBUG io.netty.channel.DefaultChannelId - -Dio.netty.machineId: 00:1c:42:ff:fe:5c:a4:7a (auto-detected)
07:56:32.761 [AsyncHttpClient-1-2] DEBUG io.netty.buffer.AbstractByteBuf - -Dio.netty.buffer.checkAccessible: true
07:56:32.761 [AsyncHttpClient-1-2] DEBUG io.netty.buffer.AbstractByteBuf - -Dio.netty.buffer.checkBounds: true
07:56:32.762 [AsyncHttpClient-1-2] DEBUG io.netty.util.ResourceLeakDetectorFactory - Loaded default ResourceLeakDetector: io.netty.util.ResourceLeakDetector@3ba1005
07:56:32.824 [AsyncHttpClient-1-2] DEBUG io.netty.util.Recycler - -Dio.netty.recycler.maxCapacityPerThread: 4096
07:56:32.825 [AsyncHttpClient-1-2] DEBUG io.netty.util.Recycler - -Dio.netty.recycler.ratio: 8
07:56:32.825 [AsyncHttpClient-1-2] DEBUG io.netty.util.Recycler - -Dio.netty.recycler.chunkSize: 32
07:56:32.825 [AsyncHttpClient-1-2] DEBUG io.netty.util.Recycler - -Dio.netty.recycler.blocking: false
07:56:34.231 [AsyncHttpClient-1-2] DEBUG io.netty.handler.codec.compression.Brotli - brotli4j not in the classpath; Brotli support will be unavailable.
07:56:34.526 [main] DEBUG io.netty.util.internal.ThreadLocalRandom - -Dio.netty.initialSeedUniquifier: 0x44355ec9ad2d21d7
07:56:36.177 [main] DEBUG testCases.TC_001_AccountRegistrationTest - application logs......
07:56:36.178 [main] INFO  testCases.TC_001_AccountRegistrationTest - ***  Starting TC_001_AccountRegistrationTest ***
07:56:36.647 [main] INFO  testCases.TC_001_AccountRegistrationTest - Clicked on My account link
07:56:37.348 [main] INFO  testCases.TC_001_AccountRegistrationTest - Clicked on register link
07:56:37.355 [main] INFO  testCases.TC_001_AccountRegistrationTest - Providing customer data
07:56:41.930 [main] INFO  testCases.TC_001_AccountRegistrationTest - Clicked on continue
07:56:41.995 [main] INFO  testCases.TC_001_AccountRegistrationTest - Validating expected message
07:56:41.995 [main] INFO  testCases.TC_001_AccountRegistrationTest - ***  Finished TC_001_AccountRegistrationTest ***
08:02:22.476 [main] INFO  testCases.TC_001_AccountRegistrationTest - ***  Starting TC_001_AccountRegistrationTest ***
08:02:22.662 [main] INFO  testCases.TC_001_AccountRegistrationTest - Clicked on My account link
08:02:23.393 [main] INFO  testCases.TC_001_AccountRegistrationTest - Clicked on register link
08:02:23.400 [main] INFO  testCases.TC_001_AccountRegistrationTest - Providing customer data
08:02:27.809 [main] INFO  testCases.TC_001_AccountRegistrationTest - Clicked on continue
08:02:27.881 [main] INFO  testCases.TC_001_AccountRegistrationTest - Validating expected message
08:02:27.881 [main] INFO  testCases.TC_001_AccountRegistrationTest - ***  Finished TC_001_AccountRegistrationTest ***
08:07:29.646 [main] INFO  testCases.TC_001_AccountRegistrationTest - ***  Starting TC_001_AccountRegistrationTest ***
08:07:29.948 [main] INFO  testCases.TC_001_AccountRegistrationTest - Clicked on My account link
08:07:30.644 [main] INFO  testCases.TC_001_AccountRegistrationTest - Clicked on register link
08:07:30.650 [main] INFO  testCases.TC_001_AccountRegistrationTest - Providing customer data
08:07:34.858 [main] INFO  testCases.TC_001_AccountRegistrationTest - Clicked on continue
08:07:34.940 [main] INFO  testCases.TC_001_AccountRegistrationTest - Validating expected message
08:07:34.940 [main] INFO  testCases.TC_001_AccountRegistrationTest - ***  Finished TC_001_AccountRegistrationTest ***
08:09:07.868 [main] INFO  testCases.TC_001_AccountRegistrationTest - ***  Starting TC_001_AccountRegistrationTest ***
08:09:08.323 [main] INFO  testCases.TC_001_AccountRegistrationTest - Clicked on My account link
08:09:08.994 [main] INFO  testCases.TC_001_AccountRegistrationTest - Clicked on register link
08:09:09.000 [main] INFO  testCases.TC_001_AccountRegistrationTest - Providing customer data
08:09:13.134 [main] INFO  testCases.TC_001_AccountRegistrationTest - Clicked on continue
08:09:13.213 [main] INFO  testCases.TC_001_AccountRegistrationTest - Validating expected message
08:09:13.216 [main] INFO  testCases.TC_001_AccountRegistrationTest - ***  Finished TC_001_AccountRegistrationTest ***
08:10:00.705 [main] INFO  testCases.TC_001_AccountRegistrationTest - ***  Starting TC_001_AccountRegistrationTest ***
08:10:00.949 [main] INFO  testCases.TC_001_AccountRegistrationTest - Clicked on My account link
08:10:01.539 [main] INFO  testCases.TC_001_AccountRegistrationTest - Clicked on register link
08:10:01.546 [main] INFO  testCases.TC_001_AccountRegistrationTest - Providing customer data
08:10:05.687 [main] INFO  testCases.TC_001_AccountRegistrationTest - Clicked on continue
08:10:05.790 [main] INFO  testCases.TC_001_AccountRegistrationTest - Validating expected message
08:10:05.794 [main] INFO  testCases.TC_001_AccountRegistrationTest - ***  Finished TC_001_AccountRegistrationTest ***
08:12:39.038 [main] INFO  testCases.TC_001_AccountRegistrationTest - ***  Starting TC_001_AccountRegistrationTest ***
08:12:39.632 [main] INFO  testCases.TC_001_AccountRegistrationTest - Clicked on My account link
08:12:40.696 [main] INFO  testCases.TC_001_AccountRegistrationTest - Clicked on register link
08:12:40.702 [main] INFO  testCases.TC_001_AccountRegistrationTest - Providing customer data
08:12:51.652 [main] ERROR testCases.TC_001_AccountRegistrationTest - test failed
08:14:13.869 [main] INFO  testCases.TC_001_AccountRegistrationTest - ***  Starting TC_001_AccountRegistrationTest ***
08:14:14.440 [main] INFO  testCases.TC_001_AccountRegistrationTest - Clicked on My account link
08:14:15.565 [main] INFO  testCases.TC_001_AccountRegistrationTest - Clicked on register link
08:14:15.571 [main] INFO  testCases.TC_001_AccountRegistrationTest - Providing customer data
08:14:26.415 [main] ERROR testCases.TC_001_AccountRegistrationTest - test failed
07:11:03.508 [main] INFO  testCases.TC_001_AccountRegistrationTest - ***  Starting TC_001_AccountRegistrationTest ***
07:11:03.775 [main] INFO  testCases.TC_001_AccountRegistrationTest - Clicked on My account link
07:11:05.031 [main] INFO  testCases.TC_001_AccountRegistrationTest - Clicked on register link
07:11:05.036 [main] INFO  testCases.TC_001_AccountRegistrationTest - Providing customer data
07:11:09.541 [main] INFO  testCases.TC_001_AccountRegistrationTest - Clicked on continue
07:11:09.646 [main] INFO  testCases.TC_001_AccountRegistrationTest - Validating expected message
07:11:09.649 [main] INFO  testCases.TC_001_AccountRegistrationTest - ***  Finished TC_001_AccountRegistrationTest ***
07:21:24.664 [main] INFO  testCases.TC_001_AccountRegistrationTest - ***  Starting TC_001_AccountRegistrationTest ***
07:21:24.824 [main] INFO  testCases.TC_001_AccountRegistrationTest - Clicked on My account link
07:21:25.339 [main] INFO  testCases.TC_001_AccountRegistrationTest - Clicked on register link
07:21:25.345 [main] INFO  testCases.TC_001_AccountRegistrationTest - Providing customer data
07:21:29.010 [main] INFO  testCases.TC_001_AccountRegistrationTest - Clicked on continue
07:21:29.068 [main] INFO  testCases.TC_001_AccountRegistrationTest - Validating expected message
07:21:29.068 [main] INFO  testCases.TC_001_AccountRegistrationTest - ***  Finished TC_001_AccountRegistrationTest ***
07:21:47.194 [main] INFO  testCases.TC_001_AccountRegistrationTest - ***  Starting TC_001_AccountRegistrationTest ***
07:21:47.347 [main] INFO  testCases.TC_001_AccountRegistrationTest - Clicked on My account link
07:21:47.742 [main] INFO  testCases.TC_001_AccountRegistrationTest - Clicked on register link
07:21:47.747 [main] INFO  testCases.TC_001_AccountRegistrationTest - Providing customer data
07:21:50.696 [main] INFO  testCases.TC_001_AccountRegistrationTest - Clicked on continue
07:21:50.751 [main] INFO  testCases.TC_001_AccountRegistrationTest - Validating expected message
07:21:50.754 [main] INFO  testCases.TC_001_AccountRegistrationTest - ***  Finished TC_001_AccountRegistrationTest ***
07:25:54.210 [TestNG-tests-1] INFO  testCases.TC_001_AccountRegistrationTest - ***  Starting TC_001_AccountRegistrationTest ***
07:25:54.703 [TestNG-tests-2] INFO  testCases.TC_001_AccountRegistrationTest - ***  Starting TC_001_AccountRegistrationTest ***
07:25:54.798 [TestNG-tests-1] INFO  testCases.TC_001_AccountRegistrationTest - Clicked on My account link
07:25:54.873 [TestNG-tests-2] INFO  testCases.TC_001_AccountRegistrationTest - Clicked on My account link
07:25:55.313 [TestNG-tests-2] INFO  testCases.TC_001_AccountRegistrationTest - Clicked on register link
07:25:55.328 [TestNG-tests-2] INFO  testCases.TC_001_AccountRegistrationTest - Providing customer data
07:25:55.825 [TestNG-tests-1] INFO  testCases.TC_001_AccountRegistrationTest - Clicked on register link
07:25:55.833 [TestNG-tests-1] INFO  testCases.TC_001_AccountRegistrationTest - Providing customer data
07:25:59.104 [TestNG-tests-2] INFO  testCases.TC_001_AccountRegistrationTest - Clicked on continue
07:25:59.144 [TestNG-tests-2] INFO  testCases.TC_001_AccountRegistrationTest - Validating expected message
07:25:59.148 [TestNG-tests-2] INFO  testCases.TC_001_AccountRegistrationTest - ***  Finished TC_001_AccountRegistrationTest ***
07:25:59.966 [TestNG-tests-1] INFO  testCases.TC_001_AccountRegistrationTest - Clicked on continue
07:26:00.021 [TestNG-tests-1] INFO  testCases.TC_001_AccountRegistrationTest - Validating expected message
07:26:00.021 [TestNG-tests-1] INFO  testCases.TC_001_AccountRegistrationTest - ***  Finished TC_001_AccountRegistrationTest ***
07:40:11.690 [main] INFO  testCases.TC_001_AccountRegistrationTest - ***  Starting TC_001_AccountRegistrationTest ***
07:40:11.970 [main] INFO  testCases.TC_001_AccountRegistrationTest - Clicked on My account link
07:40:12.575 [main] INFO  testCases.TC_001_AccountRegistrationTest - Clicked on register link
07:40:12.590 [main] INFO  testCases.TC_001_AccountRegistrationTest - Providing customer data
07:40:16.199 [main] INFO  testCases.TC_001_AccountRegistrationTest - Clicked on continue
07:40:16.257 [main] INFO  testCases.TC_001_AccountRegistrationTest - Validating expected message
07:40:16.257 [main] INFO  testCases.TC_001_AccountRegistrationTest - ***  Finished TC_001_AccountRegistrationTest ***
08:17:13.626 [main] INFO  testCases.TC_001_AccountRegistrationTest - ***  Starting TC_001_AccountRegistrationTest ***
08:17:13.787 [main] INFO  testCases.TC_001_AccountRegistrationTest - Clicked on My account link
08:17:14.354 [main] INFO  testCases.TC_001_AccountRegistrationTest - Clicked on register link
08:17:14.361 [main] INFO  testCases.TC_001_AccountRegistrationTest - Providing customer data
08:17:17.960 [main] INFO  testCases.TC_001_AccountRegistrationTest - Clicked on continue
08:17:18.021 [main] INFO  testCases.TC_001_AccountRegistrationTest - Validating expected message
08:17:18.021 [main] INFO  testCases.TC_001_AccountRegistrationTest - ***  Finished TC_001_AccountRegistrationTest ***
08:18:49.341 [main] INFO  testCases.TC_001_AccountRegistrationTest - ***  Starting TC_001_AccountRegistrationTest ***
08:18:49.533 [main] INFO  testCases.TC_001_AccountRegistrationTest - Clicked on My account link
08:18:50.040 [main] INFO  testCases.TC_001_AccountRegistrationTest - Clicked on register link
08:18:50.045 [main] INFO  testCases.TC_001_AccountRegistrationTest - Providing customer data
08:18:51.318 [main] INFO  testCases.TC_001_AccountRegistrationTest - Clicked on continue
08:19:01.382 [main] INFO  testCases.TC_001_AccountRegistrationTest - Validating expected message
07:34:01.799 [main] INFO  testCases.TC_002_LoginTest - **** Starting TC_OO2_LoginTest *****
07:34:02.010 [main] INFO  testCases.TC_002_LoginTest - Clicked on My Account
07:34:02.415 [main] INFO  testCases.TC_002_LoginTest - Clicked on Login Link
07:34:02.418 [main] INFO  testCases.TC_002_LoginTest - Providing login details
07:34:03.263 [main] INFO  testCases.TC_002_LoginTest - clicked on Login button
07:34:03.349 [main] INFO  testCases.TC_002_LoginTest - **** Finished TC_002_LoginTest *****
08:23:54.847 [main] INFO  testCases.TC_003_LoginDDT - *** Starting TC_003_LoginDDT******
08:23:57.292 [main] INFO  testCases.TC_003_LoginDDT - *** Finished TC_003_LoginDDT******
08:23:57.338 [main] INFO  testCases.TC_003_LoginDDT - *** Starting TC_003_LoginDDT******
08:24:08.692 [main] INFO  testCases.TC_003_LoginDDT - *** Finished TC_003_LoginDDT******
08:24:08.692 [main] INFO  testCases.TC_003_LoginDDT - *** Starting TC_003_LoginDDT******
08:24:19.983 [main] INFO  testCases.TC_003_LoginDDT - *** Finished TC_003_LoginDDT******
08:24:19.983 [main] INFO  testCases.TC_003_LoginDDT - *** Starting TC_003_LoginDDT******
08:24:31.120 [main] INFO  testCases.TC_003_LoginDDT - *** Finished TC_003_LoginDDT******
08:24:31.136 [main] INFO  testCases.TC_003_LoginDDT - *** Starting TC_003_LoginDDT******
08:24:32.883 [main] INFO  testCases.TC_003_LoginDDT - *** Finished TC_003_LoginDDT******
07:18:55.264 [main] INFO  testCases.TC_002_LoginTest - **** Starting TC_OO2_LoginTest *****
07:18:55.577 [main] INFO  testCases.TC_002_LoginTest - Clicked on My Account
07:18:56.283 [main] INFO  testCases.TC_002_LoginTest - Clicked on Login Link
07:18:56.290 [main] INFO  testCases.TC_002_LoginTest - Providing login details
07:18:57.316 [main] INFO  testCases.TC_002_LoginTest - clicked on Login button
07:18:57.431 [main] INFO  testCases.TC_002_LoginTest - **** Finished TC_002_LoginTest *****
07:20:23.431 [main] INFO  testCases.TC_001_AccountRegistrationTest - ***  Starting TC_001_AccountRegistrationTest ***
07:20:23.665 [main] INFO  testCases.TC_001_AccountRegistrationTest - Clicked on My account link
07:20:24.460 [main] INFO  testCases.TC_001_AccountRegistrationTest - Clicked on register link
07:20:24.467 [main] INFO  testCases.TC_001_AccountRegistrationTest - Providing customer data
07:20:28.361 [main] INFO  testCases.TC_001_AccountRegistrationTest - Clicked on continue
07:20:28.432 [main] INFO  testCases.TC_001_AccountRegistrationTest - Validating expected message
07:20:28.435 [main] INFO  testCases.TC_001_AccountRegistrationTest - ***  Finished TC_001_AccountRegistrationTest ***
07:20:31.288 [main] INFO  testCases.TC_002_LoginTest - **** Starting TC_OO2_LoginTest *****
07:20:31.553 [main] INFO  testCases.TC_002_LoginTest - Clicked on My Account
07:20:32.068 [main] INFO  testCases.TC_002_LoginTest - Clicked on Login Link
07:20:32.078 [main] INFO  testCases.TC_002_LoginTest - Providing login details
07:20:33.010 [main] INFO  testCases.TC_002_LoginTest - clicked on Login button
07:20:33.103 [main] INFO  testCases.TC_002_LoginTest - **** Finished TC_002_LoginTest *****
07:21:13.374 [main] INFO  testCases.TC_002_LoginTest - **** Starting TC_OO2_LoginTest *****
07:21:13.568 [main] INFO  testCases.TC_002_LoginTest - Clicked on My Account
07:21:13.967 [main] INFO  testCases.TC_002_LoginTest - Clicked on Login Link
07:21:13.970 [main] INFO  testCases.TC_002_LoginTest - Providing login details
07:21:14.820 [main] INFO  testCases.TC_002_LoginTest - clicked on Login button
07:21:14.907 [main] INFO  testCases.TC_002_LoginTest - **** Finished TC_002_LoginTest *****
07:26:35.955 [main] INFO  testCases.TC_001_AccountRegistrationTest - ***  Starting TC_001_AccountRegistrationTest ***
07:26:36.132 [main] INFO  testCases.TC_001_AccountRegistrationTest - Clicked on My account link
07:26:36.755 [main] INFO  testCases.TC_001_AccountRegistrationTest - Clicked on register link
07:26:36.760 [main] INFO  testCases.TC_001_AccountRegistrationTest - Providing customer data
07:26:40.433 [main] INFO  testCases.TC_001_AccountRegistrationTest - Clicked on continue
07:26:40.496 [main] INFO  testCases.TC_001_AccountRegistrationTest - Validating expected message
07:26:44.171 [main] INFO  testCases.TC_002_LoginTest - **** Starting TC_OO2_LoginTest *****
07:26:44.343 [main] INFO  testCases.TC_002_LoginTest - Clicked on My Account
07:26:44.782 [main] INFO  testCases.TC_002_LoginTest - Clicked on Login Link
07:26:44.791 [main] INFO  testCases.TC_002_LoginTest - Providing login details
07:26:45.671 [main] INFO  testCases.TC_002_LoginTest - clicked on Login button
07:26:45.756 [main] INFO  testCases.TC_002_LoginTest - **** Finished TC_002_LoginTest *****
07:28:11.087 [main] INFO  testCases.TC_001_AccountRegistrationTest - ***  Starting TC_001_AccountRegistrationTest ***
07:28:11.277 [main] INFO  testCases.TC_001_AccountRegistrationTest - Clicked on My account link
07:28:11.828 [main] INFO  testCases.TC_001_AccountRegistrationTest - Clicked on register link
07:28:11.834 [main] INFO  testCases.TC_001_AccountRegistrationTest - Providing customer data
07:28:15.499 [main] INFO  testCases.TC_001_AccountRegistrationTest - Clicked on continue
07:28:15.581 [main] INFO  testCases.TC_001_AccountRegistrationTest - Validating expected message
07:28:15.585 [main] INFO  testCases.TC_001_AccountRegistrationTest - ***  Finished TC_001_AccountRegistrationTest ***
07:30:09.904 [main] INFO  testCases.TC_001_AccountRegistrationTest - ***  Starting TC_001_AccountRegistrationTest ***
07:30:10.089 [main] INFO  testCases.TC_001_AccountRegistrationTest - Clicked on My account link
07:30:10.687 [main] INFO  testCases.TC_001_AccountRegistrationTest - Clicked on register link
07:30:10.697 [main] INFO  testCases.TC_001_AccountRegistrationTest - Providing customer data
07:30:14.353 [main] INFO  testCases.TC_001_AccountRegistrationTest - Clicked on continue
07:30:14.416 [main] INFO  testCases.TC_001_AccountRegistrationTest - Validating expected message
07:30:14.419 [main] INFO  testCases.TC_001_AccountRegistrationTest - ***  Finished TC_001_AccountRegistrationTest ***
07:30:16.507 [main] INFO  testCases.TC_002_LoginTest - **** Starting TC_OO2_LoginTest *****
07:30:16.668 [main] INFO  testCases.TC_002_LoginTest - Clicked on My Account
07:30:17.070 [main] INFO  testCases.TC_002_LoginTest - Clicked on Login Link
07:30:17.078 [main] INFO  testCases.TC_002_LoginTest - Providing login details
07:30:17.797 [main] INFO  testCases.TC_002_LoginTest - clicked on Login button
07:31:25.943 [main] INFO  testCases.TC_002_LoginTest - **** Starting TC_OO2_LoginTest *****
07:31:26.250 [main] INFO  testCases.TC_002_LoginTest - Clicked on My Account
07:31:26.665 [main] INFO  testCases.TC_002_LoginTest - Clicked on Login Link
07:31:26.669 [main] INFO  testCases.TC_002_LoginTest - Providing login details
07:31:27.551 [main] INFO  testCases.TC_002_LoginTest - clicked on Login button
07:31:27.635 [main] INFO  testCases.TC_002_LoginTest - **** Finished TC_002_LoginTest *****
07:37:31.789 [main] INFO  testCases.TC_001_AccountRegistrationTest - ***  Starting TC_001_AccountRegistrationTest ***
07:37:32.080 [main] INFO  testCases.TC_001_AccountRegistrationTest - Clicked on My account link
07:37:32.698 [main] INFO  testCases.TC_001_AccountRegistrationTest - Clicked on register link
07:37:32.707 [main] INFO  testCases.TC_001_AccountRegistrationTest - Providing customer data
07:37:36.360 [main] INFO  testCases.TC_001_AccountRegistrationTest - Clicked on continue
07:37:36.420 [main] INFO  testCases.TC_001_AccountRegistrationTest - Validating expected message
07:37:40.971 [main] INFO  testCases.TC_002_LoginTest - **** Starting TC_OO2_LoginTest *****
07:37:41.166 [main] INFO  testCases.TC_002_LoginTest - Clicked on My Account
07:37:41.711 [main] INFO  testCases.TC_002_LoginTest - Clicked on Login Link
07:37:41.719 [main] INFO  testCases.TC_002_LoginTest - Providing login details
07:37:42.444 [main] INFO  testCases.TC_002_LoginTest - clicked on Login button
07:39:27.114 [main] INFO  testCases.TC_002_LoginTest - **** Starting TC_OO2_LoginTest *****
07:39:27.289 [main] INFO  testCases.TC_002_LoginTest - Clicked on My Account
07:39:27.690 [main] INFO  testCases.TC_002_LoginTest - Clicked on Login Link
07:39:27.695 [main] INFO  testCases.TC_002_LoginTest - Providing login details
07:39:28.585 [main] INFO  testCases.TC_002_LoginTest - clicked on Login button
07:39:28.676 [main] INFO  testCases.TC_002_LoginTest - **** Finished TC_002_LoginTest *****
07:39:30.952 [main] INFO  testCases.TC_001_AccountRegistrationTest - ***  Starting TC_001_AccountRegistrationTest ***
07:39:31.115 [main] INFO  testCases.TC_001_AccountRegistrationTest - Clicked on My account link
07:39:31.703 [main] INFO  testCases.TC_001_AccountRegistrationTest - Clicked on register link
07:39:31.713 [main] INFO  testCases.TC_001_AccountRegistrationTest - Providing customer data
07:39:35.283 [main] INFO  testCases.TC_001_AccountRegistrationTest - Clicked on continue
07:39:35.343 [main] INFO  testCases.TC_001_AccountRegistrationTest - Validating expected message
07:39:35.343 [main] INFO  testCases.TC_001_AccountRegistrationTest - ***  Finished TC_001_AccountRegistrationTest ***
10:07:04.529 [main] INFO  testCases.TC_001_AccountRegistrationTest - ***  Starting TC_001_AccountRegistrationTest ***
10:07:04.877 [main] INFO  testCases.TC_001_AccountRegistrationTest - Clicked on My account link
10:07:05.533 [main] INFO  testCases.TC_001_AccountRegistrationTest - Clicked on register link
10:07:05.539 [main] INFO  testCases.TC_001_AccountRegistrationTest - Providing customer data
10:07:09.137 [main] INFO  testCases.TC_001_AccountRegistrationTest - Clicked on continue
10:07:09.198 [main] INFO  testCases.TC_001_AccountRegistrationTest - Validating expected message
10:07:09.202 [main] INFO  testCases.TC_001_AccountRegistrationTest - ***  Finished TC_001_AccountRegistrationTest ***
10:07:11.433 [main] INFO  testCases.TC_002_LoginTest - **** Starting TC_OO2_LoginTest *****
10:07:11.584 [main] INFO  testCases.TC_002_LoginTest - Clicked on My Account
10:07:12.002 [main] INFO  testCases.TC_002_LoginTest - Clicked on Login Link
10:07:12.008 [main] INFO  testCases.TC_002_LoginTest - Providing login details
10:07:12.771 [main] INFO  testCases.TC_002_LoginTest - clicked on Login button
10:07:12.854 [main] INFO  testCases.TC_002_LoginTest - **** Finished TC_002_LoginTest *****
10:08:19.849 [main] INFO  testCases.TC_001_AccountRegistrationTest - ***  Starting TC_001_AccountRegistrationTest ***
10:08:20.082 [main] INFO  testCases.TC_001_AccountRegistrationTest - Clicked on My account link
10:08:20.685 [main] INFO  testCases.TC_001_AccountRegistrationTest - Clicked on register link
10:08:20.690 [main] INFO  testCases.TC_001_AccountRegistrationTest - Providing customer data
10:08:24.172 [main] INFO  testCases.TC_001_AccountRegistrationTest - Clicked on continue
10:08:24.233 [main] INFO  testCases.TC_001_AccountRegistrationTest - Validating expected message
10:08:24.236 [main] INFO  testCases.TC_001_AccountRegistrationTest - ***  Finished TC_001_AccountRegistrationTest ***
10:08:27.445 [main] INFO  testCases.TC_002_LoginTest - **** Starting TC_OO2_LoginTest *****
10:08:27.605 [main] INFO  testCases.TC_002_LoginTest - Clicked on My Account
10:08:28.009 [main] INFO  testCases.TC_002_LoginTest - Clicked on Login Link
10:08:28.016 [main] INFO  testCases.TC_002_LoginTest - Providing login details
10:08:28.797 [main] INFO  testCases.TC_002_LoginTest - clicked on Login button
10:08:28.885 [main] INFO  testCases.TC_002_LoginTest - **** Finished TC_002_LoginTest *****
07:17:51.036 [main] INFO  testCases.TC_001_AccountRegistrationTest - ***  Starting TC_001_AccountRegistrationTest ***
07:17:51.462 [main] INFO  testCases.TC_001_AccountRegistrationTest - Clicked on My account link
07:17:52.252 [main] INFO  testCases.TC_001_AccountRegistrationTest - Clicked on register link
07:17:52.259 [main] INFO  testCases.TC_001_AccountRegistrationTest - Providing customer data
07:17:56.106 [main] INFO  testCases.TC_001_AccountRegistrationTest - Clicked on continue
07:17:56.182 [main] INFO  testCases.TC_001_AccountRegistrationTest - Validating expected message
07:17:56.188 [main] INFO  testCases.TC_001_AccountRegistrationTest - ***  Finished TC_001_AccountRegistrationTest ***
07:17:58.659 [main] INFO  testCases.TC_002_LoginTest - **** Starting TC_OO2_LoginTest *****
07:17:58.996 [main] INFO  testCases.TC_002_LoginTest - Clicked on My Account
07:17:59.644 [main] INFO  testCases.TC_002_LoginTest - Clicked on Login Link
07:17:59.654 [main] INFO  testCases.TC_002_LoginTest - Providing login details
07:18:00.783 [main] INFO  testCases.TC_002_LoginTest - clicked on Login button
07:18:00.869 [main] INFO  testCases.TC_002_LoginTest - **** Finished TC_002_LoginTest *****
07:35:50.585 [main] INFO  testCases.TC_001_AccountRegistrationTest - ***  Starting TC_001_AccountRegistrationTest ***
07:35:50.815 [main] INFO  testCases.TC_001_AccountRegistrationTest - Clicked on My account link
07:35:51.433 [main] INFO  testCases.TC_001_AccountRegistrationTest - Clicked on register link
07:35:51.444 [main] INFO  testCases.TC_001_AccountRegistrationTest - Providing customer data
07:35:55.210 [main] INFO  testCases.TC_001_AccountRegistrationTest - Clicked on continue
07:35:55.271 [main] INFO  testCases.TC_001_AccountRegistrationTest - Validating expected message
07:35:55.271 [main] INFO  testCases.TC_001_AccountRegistrationTest - ***  Finished TC_001_AccountRegistrationTest ***
07:35:58.400 [main] INFO  testCases.TC_002_LoginTest - **** Starting TC_OO2_LoginTest *****
07:35:58.608 [main] INFO  testCases.TC_002_LoginTest - Clicked on My Account
07:35:59.148 [main] INFO  testCases.TC_002_LoginTest - Clicked on Login Link
07:35:59.159 [main] INFO  testCases.TC_002_LoginTest - Providing login details
07:36:00.047 [main] INFO  testCases.TC_002_LoginTest - clicked on Login button
07:36:00.136 [main] INFO  testCases.TC_002_LoginTest - **** Finished TC_002_LoginTest *****
07:39:53.443 [main] INFO  testCases.TC_001_AccountRegistrationTest - ***  Starting TC_001_AccountRegistrationTest ***
07:39:53.647 [main] INFO  testCases.TC_001_AccountRegistrationTest - Clicked on My account link
07:39:54.189 [main] INFO  testCases.TC_001_AccountRegistrationTest - Clicked on register link
07:39:54.195 [main] INFO  testCases.TC_001_AccountRegistrationTest - Providing customer data
07:39:57.833 [main] INFO  testCases.TC_001_AccountRegistrationTest - Clicked on continue
07:39:57.892 [main] INFO  testCases.TC_001_AccountRegistrationTest - Validating expected message
07:39:57.892 [main] INFO  testCases.TC_001_AccountRegistrationTest - ***  Finished TC_001_AccountRegistrationTest ***
07:40:00.995 [main] INFO  testCases.TC_002_LoginTest - **** Starting TC_OO2_LoginTest *****
07:40:01.135 [main] INFO  testCases.TC_002_LoginTest - Clicked on My Account
07:40:01.566 [main] INFO  testCases.TC_002_LoginTest - Clicked on Login Link
07:40:01.575 [main] INFO  testCases.TC_002_LoginTest - Providing login details
07:40:02.422 [main] INFO  testCases.TC_002_LoginTest - clicked on Login button
07:40:02.511 [main] INFO  testCases.TC_002_LoginTest - **** Finished TC_002_LoginTest *****
07:54:32.079 [main] INFO  testCases.TC_001_AccountRegistrationTest - ***  Starting TC_001_AccountRegistrationTest ***
07:54:32.390 [main] INFO  testCases.TC_001_AccountRegistrationTest - Clicked on My account link
07:54:33.074 [main] INFO  testCases.TC_001_AccountRegistrationTest - Clicked on register link
07:54:33.082 [main] INFO  testCases.TC_001_AccountRegistrationTest - Providing customer data
07:54:37.177 [main] INFO  testCases.TC_001_AccountRegistrationTest - Clicked on continue
07:54:37.253 [main] INFO  testCases.TC_001_AccountRegistrationTest - Validating expected message
07:54:37.253 [main] INFO  testCases.TC_001_AccountRegistrationTest - ***  Finished TC_001_AccountRegistrationTest ***
07:54:40.991 [main] INFO  testCases.TC_002_LoginTest - **** Starting TC_OO2_LoginTest *****
07:54:41.216 [main] INFO  testCases.TC_002_LoginTest - Clicked on My Account
07:54:41.829 [main] INFO  testCases.TC_002_LoginTest - Clicked on Login Link
07:54:41.840 [main] INFO  testCases.TC_002_LoginTest - Providing login details
07:54:42.813 [main] INFO  testCases.TC_002_LoginTest - clicked on Login button
07:54:42.915 [main] INFO  testCases.TC_002_LoginTest - **** Finished TC_002_LoginTest *****
07:58:37.336 [main] INFO  testCases.TC_001_AccountRegistrationTest - ***  Starting TC_001_AccountRegistrationTest ***
07:58:37.625 [main] INFO  testCases.TC_001_AccountRegistrationTest - Clicked on My account link
07:58:38.379 [main] INFO  testCases.TC_001_AccountRegistrationTest - Clicked on register link
07:58:38.387 [main] INFO  testCases.TC_001_AccountRegistrationTest - Providing customer data
07:58:42.130 [main] INFO  testCases.TC_001_AccountRegistrationTest - Clicked on continue
07:58:42.199 [main] INFO  testCases.TC_001_AccountRegistrationTest - Validating expected message
07:58:42.204 [main] INFO  testCases.TC_001_AccountRegistrationTest - ***  Finished TC_001_AccountRegistrationTest ***
07:58:46.737 [main] INFO  testCases.TC_002_LoginTest - **** Starting TC_OO2_LoginTest *****
07:58:47.009 [main] INFO  testCases.TC_002_LoginTest - Clicked on My Account
07:58:47.666 [main] INFO  testCases.TC_002_LoginTest - Clicked on Login Link
07:58:47.675 [main] INFO  testCases.TC_002_LoginTest - Providing login details
07:58:48.694 [main] INFO  testCases.TC_002_LoginTest - clicked on Login button
07:58:48.798 [main] INFO  testCases.TC_002_LoginTest - **** Finished TC_002_LoginTest *****
10:24:09.887 [main] INFO  testCases.TC_001_AccountRegistrationTest - ***  Starting TC_001_AccountRegistrationTest ***
10:24:10.098 [main] INFO  testCases.TC_001_AccountRegistrationTest - Clicked on My account link
10:24:10.744 [main] INFO  testCases.TC_001_AccountRegistrationTest - Clicked on register link
10:24:10.754 [main] INFO  testCases.TC_001_AccountRegistrationTest - Providing customer data
10:24:14.404 [main] INFO  testCases.TC_001_AccountRegistrationTest - Clicked on continue
10:24:14.466 [main] INFO  testCases.TC_001_AccountRegistrationTest - Validating expected message
10:24:14.469 [main] INFO  testCases.TC_001_AccountRegistrationTest - ***  Finished TC_001_AccountRegistrationTest ***
10:24:16.557 [main] INFO  testCases.TC_002_LoginTest - **** Starting TC_OO2_LoginTest *****
10:24:16.724 [main] INFO  testCases.TC_002_LoginTest - Clicked on My Account
10:24:17.189 [main] INFO  testCases.TC_002_LoginTest - Clicked on Login Link
10:24:17.197 [main] INFO  testCases.TC_002_LoginTest - Providing login details
10:24:17.969 [main] INFO  testCases.TC_002_LoginTest - clicked on Login button
10:24:18.046 [main] INFO  testCases.TC_002_LoginTest - **** Finished TC_002_LoginTest *****
10:24:20.032 [main] INFO  testCases.TC_004_SearchProductTest -  Starting TC_004_SearchProductTest 
10:24:21.072 [main] INFO  testCases.TC_004_SearchProductTest -  Finished TC_004_SearchProductTest 
10:24:23.137 [main] INFO  testCases.TC_005_AddToCartPageTest -  Starting TC_005_AddToCartPageTest 
10:24:25.664 [main] INFO  testCases.TC_005_AddToCartPageTest -  Finished TC_004_SearchProductTest 
23:03:13.221 [main] INFO  testCases.TC_001_AccountRegistrationTest - ***  Starting TC_001_AccountRegistrationTest ***
23:03:23.396 [main] ERROR testCases.TC_001_AccountRegistrationTest - test failed
23:03:31.169 [main] INFO  testCases.TC_002_LoginTest - **** Starting TC_OO2_LoginTest *****
23:07:01.218 [main] INFO  testCases.TC_001_AccountRegistrationTest - ***  Starting TC_001_AccountRegistrationTest ***
23:07:01.349 [main] INFO  testCases.TC_001_AccountRegistrationTest - Clicked on My account link
23:07:03.634 [main] INFO  testCases.TC_001_AccountRegistrationTest - Clicked on register link
23:07:03.639 [main] INFO  testCases.TC_001_AccountRegistrationTest - Providing customer data
23:07:14.032 [main] ERROR testCases.TC_001_AccountRegistrationTest - test failed
23:07:17.773 [main] INFO  testCases.TC_002_LoginTest - **** Starting TC_OO2_LoginTest *****
23:07:17.890 [main] INFO  testCases.TC_002_LoginTest - Clicked on My Account
23:07:19.707 [main] INFO  testCases.TC_002_LoginTest - Clicked on Login Link
23:07:19.714 [main] INFO  testCases.TC_002_LoginTest - Providing login details
23:07:33.734 [main] INFO  testCases.TC_004_SearchProductTest -  Starting TC_004_SearchProductTest 
23:07:58.765 [main] INFO  testCases.TC_005_AddToCartPageTest -  Starting TC_005_AddToCartPageTest 
12:01:24.309 [main] INFO  testCases.TC_001_AccountRegistrationTest - ***  Starting TC_001_AccountRegistrationTest ***
12:01:24.436 [main] INFO  testCases.TC_001_AccountRegistrationTest - Clicked on My account link
12:01:25.933 [main] INFO  testCases.TC_001_AccountRegistrationTest - Clicked on register link
12:01:25.937 [main] INFO  testCases.TC_001_AccountRegistrationTest - Providing customer data
12:01:36.359 [main] ERROR testCases.TC_001_AccountRegistrationTest - test failed
12:01:39.288 [main] INFO  testCases.TC_002_LoginTest - **** Starting TC_OO2_LoginTest *****
12:01:39.355 [main] INFO  testCases.TC_002_LoginTest - Clicked on My Account
12:01:41.033 [main] INFO  testCases.TC_002_LoginTest - Clicked on Login Link
12:01:41.034 [main] INFO  testCases.TC_002_LoginTest - Providing login details
12:01:54.301 [main] INFO  testCases.TC_004_SearchProductTest -  Starting TC_004_SearchProductTest 
12:02:19.983 [main] INFO  testCases.TC_005_AddToCartPageTest -  Starting TC_005_AddToCartPageTest 
13:58:50.369 [main] INFO  testCases.TC_002_LoginTest - **** Starting TC_OO2_LoginTest *****
13:58:50.504 [main] INFO  testCases.TC_002_LoginTest - Clicked on My Account
13:58:51.450 [main] INFO  testCases.TC_002_LoginTest - Clicked on Login Link
13:58:51.454 [main] INFO  testCases.TC_002_LoginTest - Providing login details
15:00:13.986 [main] INFO  testCases.TC_001_AccountRegistrationTest - ***  Starting TC_001_AccountRegistrationTest ***
15:00:14.106 [main] INFO  testCases.TC_001_AccountRegistrationTest - Clicked on My account link
15:00:14.614 [main] INFO  testCases.TC_001_AccountRegistrationTest - Clicked on register link
15:00:14.621 [main] INFO  testCases.TC_001_AccountRegistrationTest - Providing customer data
15:00:16.157 [main] ERROR testCases.TC_001_AccountRegistrationTest - test failed
15:00:20.031 [main] INFO  testCases.TC_002_LoginTest - **** Starting TC_OO2_LoginTest *****
15:00:20.112 [main] INFO  testCases.TC_002_LoginTest - Clicked on My Account
15:00:20.635 [main] INFO  testCases.TC_002_LoginTest - Clicked on Login Link
15:00:20.637 [main] INFO  testCases.TC_002_LoginTest - Providing login details
15:00:20.966 [main] INFO  testCases.TC_002_LoginTest - clicked on Login button
15:00:21.934 [main] INFO  testCases.TC_002_LoginTest - **** Finished TC_002_LoginTest *****
15:00:25.159 [main] INFO  testCases.TC_004_SearchProductTest -  Starting TC_004_SearchProductTest 
15:00:31.749 [main] INFO  testCases.TC_005_AddToCartPageTest -  Starting TC_005_AddToCartPageTest 
15:00:33.753 [main] INFO  testCases.TC_005_AddToCartPageTest -  Finished TC_004_SearchProductTest 
16:25:01.164 [main] INFO  testCases.TC_001_AccountRegistrationTest - ***  Starting TC_001_AccountRegistrationTest ***
16:25:01.322 [main] INFO  testCases.TC_001_AccountRegistrationTest - Clicked on My account link
16:25:02.391 [main] INFO  testCases.TC_001_AccountRegistrationTest - Clicked on register link
16:25:02.399 [main] INFO  testCases.TC_001_AccountRegistrationTest - Providing customer data
16:25:04.082 [main] ERROR testCases.TC_001_AccountRegistrationTest - test failed
16:25:08.282 [main] INFO  testCases.TC_002_LoginTest - **** Starting TC_OO2_LoginTest *****
16:25:08.375 [main] INFO  testCases.TC_002_LoginTest - Clicked on My Account
16:25:09.175 [main] INFO  testCases.TC_002_LoginTest - Clicked on Login Link
16:25:09.177 [main] INFO  testCases.TC_002_LoginTest - Providing login details
16:25:09.511 [main] INFO  testCases.TC_002_LoginTest - clicked on Login button
16:25:10.591 [main] INFO  testCases.TC_002_LoginTest - **** Finished TC_002_LoginTest *****
16:25:14.060 [main] INFO  testCases.TC_004_SearchProductTest -  Starting TC_004_SearchProductTest 
16:25:19.406 [main] INFO  testCases.TC_005_AddToCartPageTest -  Starting TC_005_AddToCartPageTest 
16:25:21.947 [main] INFO  testCases.TC_005_AddToCartPageTest -  Finished TC_004_SearchProductTest 
16:26:26.993 [main] INFO  testCases.TC_001_AccountRegistrationTest - ***  Starting TC_001_AccountRegistrationTest ***
16:26:27.122 [main] INFO  testCases.TC_001_AccountRegistrationTest - Clicked on My account link
16:26:27.932 [main] INFO  testCases.TC_001_AccountRegistrationTest - Clicked on register link
16:26:27.937 [main] INFO  testCases.TC_001_AccountRegistrationTest - Providing customer data
16:26:29.559 [main] ERROR testCases.TC_001_AccountRegistrationTest - test failed
16:26:33.181 [main] INFO  testCases.TC_004_SearchProductTest -  Starting TC_004_SearchProductTest 
18:22:14.805 [main] INFO  testCases.TC_001_AccountRegistrationTest - ***  Starting TC_001_AccountRegistrationTest ***
18:22:15.020 [main] INFO  testCases.TC_001_AccountRegistrationTest - Clicked on My account link
18:22:16.061 [main] INFO  testCases.TC_001_AccountRegistrationTest - Clicked on register link
18:22:16.067 [main] INFO  testCases.TC_001_AccountRegistrationTest - Providing customer data
18:22:17.758 [main] ERROR testCases.TC_001_AccountRegistrationTest - test failed
18:22:24.133 [main] INFO  testCases.TC_002_LoginTest - **** Starting TC_OO2_LoginTest *****
18:22:24.373 [main] INFO  testCases.TC_002_LoginTest - Clicked on My Account
18:22:25.732 [main] INFO  testCases.TC_002_LoginTest - Clicked on Login Link
18:22:25.741 [main] INFO  testCases.TC_002_LoginTest - Providing login details
18:22:26.318 [main] INFO  testCases.TC_002_LoginTest - clicked on Login button
18:22:27.683 [main] INFO  testCases.TC_002_LoginTest - **** Finished TC_002_LoginTest *****
18:22:33.087 [main] INFO  testCases.TC_004_SearchProductTest -  Starting TC_004_SearchProductTest 
18:22:41.988 [main] INFO  testCases.TC_005_AddToCartPageTest -  Starting TC_005_AddToCartPageTest 
18:22:44.828 [main] INFO  testCases.TC_005_AddToCartPageTest -  Finished TC_004_SearchProductTest 
18:24:49.458 [main] INFO  testCases.TC_001_AccountRegistrationTest - ***  Starting TC_001_AccountRegistrationTest ***
18:24:49.588 [main] INFO  testCases.TC_001_AccountRegistrationTest - Clicked on My account link
18:24:50.273 [main] INFO  testCases.TC_001_AccountRegistrationTest - Clicked on register link
18:24:50.278 [main] INFO  testCases.TC_001_AccountRegistrationTest - Providing customer data
18:24:51.881 [main] ERROR testCases.TC_001_AccountRegistrationTest - test failed
18:24:55.516 [main] INFO  testCases.TC_002_LoginTest - **** Starting TC_OO2_LoginTest *****
18:24:55.632 [main] INFO  testCases.TC_002_LoginTest - Clicked on My Account
18:24:57.131 [main] INFO  testCases.TC_002_LoginTest - Clicked on Login Link
18:24:57.134 [main] INFO  testCases.TC_002_LoginTest - Providing login details
18:24:57.513 [main] INFO  testCases.TC_002_LoginTest - clicked on Login button
18:24:59.207 [main] INFO  testCases.TC_002_LoginTest - **** Finished TC_002_LoginTest *****
18:25:02.696 [main] INFO  testCases.TC_004_SearchProductTest -  Starting TC_004_SearchProductTest 
18:25:09.124 [main] INFO  testCases.TC_005_AddToCartPageTest -  Starting TC_005_AddToCartPageTest 
18:25:10.872 [main] INFO  testCases.TC_005_AddToCartPageTest -  Finished TC_004_SearchProductTest 
18:26:00.158 [main] INFO  testCases.TC_001_AccountRegistrationTest - ***  Starting TC_001_AccountRegistrationTest ***
18:26:00.283 [main] INFO  testCases.TC_001_AccountRegistrationTest - Clicked on My account link
18:26:02.285 [main] INFO  testCases.TC_001_AccountRegistrationTest - Clicked on register link
18:26:02.290 [main] INFO  testCases.TC_001_AccountRegistrationTest - Providing customer data
18:26:03.838 [main] ERROR testCases.TC_001_AccountRegistrationTest - test failed
18:26:07.019 [main] INFO  testCases.TC_002_LoginTest - **** Starting TC_OO2_LoginTest *****
18:26:07.236 [main] INFO  testCases.TC_002_LoginTest - Clicked on My Account
18:26:08.084 [main] INFO  testCases.TC_002_LoginTest - Clicked on Login Link
18:26:08.088 [main] INFO  testCases.TC_002_LoginTest - Providing login details
18:26:08.469 [main] INFO  testCases.TC_002_LoginTest - clicked on Login button
18:26:09.364 [main] INFO  testCases.TC_002_LoginTest - **** Finished TC_002_LoginTest *****
18:26:13.308 [main] INFO  testCases.TC_004_SearchProductTest -  Starting TC_004_SearchProductTest 
18:26:18.689 [main] INFO  testCases.TC_005_AddToCartPageTest -  Starting TC_005_AddToCartPageTest 
18:26:20.631 [main] INFO  testCases.TC_005_AddToCartPageTest -  Finished TC_004_SearchProductTest 
19:13:49.663 [main] INFO  testCases.TC_001_AccountRegistrationTest - ***  Starting TC_001_AccountRegistrationTest ***
19:13:50.030 [main] INFO  testCases.TC_001_AccountRegistrationTest - Clicked on My account link
19:13:50.822 [main] INFO  testCases.TC_001_AccountRegistrationTest - Clicked on register link
19:13:50.825 [main] INFO  testCases.TC_001_AccountRegistrationTest - Providing customer data
19:13:52.382 [main] ERROR testCases.TC_001_AccountRegistrationTest - test failed
19:13:56.311 [main] INFO  testCases.TC_002_LoginTest - **** Starting TC_OO2_LoginTest *****
19:13:56.401 [main] INFO  testCases.TC_002_LoginTest - Clicked on My Account
19:13:57.372 [main] INFO  testCases.TC_002_LoginTest - Clicked on Login Link
19:13:57.374 [main] INFO  testCases.TC_002_LoginTest - Providing login details
19:13:57.786 [main] INFO  testCases.TC_002_LoginTest - clicked on Login button
19:13:58.657 [main] INFO  testCases.TC_002_LoginTest - **** Finished TC_002_LoginTest *****
19:14:02.701 [main] INFO  testCases.TC_004_SearchProductTest -  Starting TC_004_SearchProductTest 
19:14:08.990 [main] INFO  testCases.TC_005_AddToCartPageTest -  Starting TC_005_AddToCartPageTest 
19:14:11.010 [main] INFO  testCases.TC_005_AddToCartPageTest -  Finished TC_004_SearchProductTest 
19:18:36.492 [main] INFO  testCases.TC_001_AccountRegistrationTest - ***  Starting TC_001_AccountRegistrationTest ***
19:18:36.761 [main] INFO  testCases.TC_001_AccountRegistrationTest - Clicked on My account link
19:18:38.173 [main] INFO  testCases.TC_001_AccountRegistrationTest - Clicked on register link
19:18:38.182 [main] INFO  testCases.TC_001_AccountRegistrationTest - Providing customer data
19:18:40.384 [main] ERROR testCases.TC_001_AccountRegistrationTest - test failed
19:18:46.672 [main] INFO  testCases.TC_002_LoginTest - **** Starting TC_OO2_LoginTest *****
19:18:46.981 [main] INFO  testCases.TC_002_LoginTest - Clicked on My Account
19:18:48.657 [main] INFO  testCases.TC_002_LoginTest - Clicked on Login Link
19:18:48.666 [main] INFO  testCases.TC_002_LoginTest - Providing login details
19:18:49.532 [main] INFO  testCases.TC_002_LoginTest - clicked on Login button
